Release 14.7 Map P.20131013 (nt)
Xilinx Mapping Report File for Design 'Main'

Design Information
------------------
Command Line   : map -intstyle ise -p xc3s500e-ft256-5 -cm area -ir off -pr off
-c 100 -o Main_map.ncd Main.ngd Main.pcf 
Target Device  : xc3s500e
Target Package : ft256
Target Speed   : -5
Mapper Version : spartan3e -- $Revision: 1.55 $
Mapped Date    : Fri Sep 09 20:38:48 2016

Design Summary
--------------
Number of errors:      0
Number of warnings:    1
Logic Utilization:
  Total Number Slice Registers:       3,885 out of   9,312   41%
    Number used as Flip Flops:        3,883
    Number used as Latches:               2
  Number of 4 input LUTs:             2,471 out of   9,312   26%
Logic Distribution:
  Number of occupied Slices:          3,313 out of   4,656   71%
    Number of Slices containing only related logic:   3,313 out of   3,313 100%
    Number of Slices containing unrelated logic:          0 out of   3,313   0%
      *See NOTES below for an explanation of the effects of unrelated logic.
  Total Number of 4 input LUTs:       2,478 out of   9,312   26%
    Number used as logic:             2,423
    Number used as a route-thru:          7
    Number used for Dual Port RAMs:      48
      (Two LUTs used per Dual Port RAM)

  The Slice Logic Distribution report is not meaningful if the design is
  over-mapped for a non-slice resource or if Placement fails.

  Number of bonded IOBs:                 49 out of     190   25%
  Number of RAMB16s:                      1 out of      20    5%
  Number of BUFGMUXs:                     1 out of      24    4%

Average Fanout of Non-Clock Nets:                3.07

Peak Memory Usage:  227 MB
Total REAL time to MAP completion:  3 secs 
Total CPU time to MAP completion:   3 secs 

NOTES:

   Related logic is defined as being logic that shares connectivity - e.g. two
   LUTs are "related" if they share common inputs.  When assembling slices,
   Map gives priority to combine logic that is related.  Doing so results in
   the best timing performance.

   Unrelated logic shares no connectivity.  Map will only begin packing
   unrelated logic into a slice once 99% of the slices are occupied through
   related logic packing.

   Note that once logic distribution reaches the 99% level through related
   logic packing, this does not mean the device is completely utilized.
   Unrelated logic packing will then begin, continuing until all usable LUTs
   and FFs are occupied.  Depending on your timing budget, increased levels of
   unrelated logic packing may adversely affect the overall timing performance
   of your design.

Table of Contents
-----------------
Section 1 - Errors
Section 2 - Warnings
Section 3 - Informational
Section 4 - Removed Logic Summary
Section 5 - Removed Logic
Section 6 - IOB Properties
Section 7 - RPMs
Section 8 - Guide Report
Section 9 - Area Group and Partition Summary
Section 10 - Timing Report
Section 11 - Configuration String Information
Section 12 - Control Set Information
Section 13 - Utilization by Hierarchy

Section 1 - Errors
------------------

Section 2 - Warnings
--------------------
WARNING:PhysDesignRules:372 - Gated clock. Clock net alu_function<1> is sourced
   by a combinatorial pin. This is not good design practice. Use the CE pin to
   control the loading of data into the flip-flop.

Section 3 - Informational
-------------------------
INFO:LIT:243 - Logical network RF/Mram_registers_ren1/SPO has no load.
INFO:LIT:395 - The above info message is repeated 23 more times for the
   following (max. 5 shown):
   RF/Mram_registers_ren2/SPO,
   RF/Mram_registers_ren3/SPO,
   RF/Mram_registers_ren4/SPO,
   RF/Mram_registers_ren5/SPO,
   RF/Mram_registers_ren6/SPO
   To see the details of these info messages, please use the -detail switch.
INFO:MapLib:562 - No environment variables are currently set.

Section 4 - Removed Logic Summary
---------------------------------
   2 block(s) optimized away

Section 5 - Removed Logic
-------------------------

Optimized Block(s):
TYPE 		BLOCK
GND 		XST_GND
VCC 		XST_VCC

To enable printing of redundant blocks removed and signals merged, set the
detailed map report option and rerun map.

Section 6 - IOB Properties
--------------------------

+---------------------------------------------------------------------------------------------------------------------------------------------------------+
| IOB Name                           | Type             | Direction | IO Standard          | Diff  | Drive    | Slew | Reg (s)      | Resistor | IOB      |
|                                    |                  |           |                      | Term  | Strength | Rate |              |          | Delay    |
+---------------------------------------------------------------------------------------------------------------------------------------------------------+
| Flags<0>                           | IOB              | OUTPUT    | LVCMOS33             |       | 8        | FAST |              |          | 0 / 0    |
| Flags<1>                           | IOB              | OUTPUT    | LVCMOS33             |       | 8        | FAST |              |          | 0 / 0    |
| Flags<2>                           | IOB              | OUTPUT    | LVCMOS33             |       | 8        | FAST |              |          | 0 / 0    |
| LEDS<0>                            | IOB              | OUTPUT    | LVCMOS33             |       | 8        | SLOW |              |          | 0 / 0    |
| LEDS<1>                            | IOB              | OUTPUT    | LVCMOS33             |       | 8        | SLOW |              |          | 0 / 0    |
| LEDS<2>                            | IOB              | OUTPUT    | LVCMOS33             |       | 8        | SLOW |              |          | 0 / 0    |
| LEDS<3>                            | IOB              | OUTPUT    | LVCMOS33             |       | 8        | SLOW |              |          | 0 / 0    |
| LEDS<4>                            | IOB              | OUTPUT    | LVCMOS33             |       | 8        | SLOW |              |          | 0 / 0    |
| LEDS<5>                            | IOB              | OUTPUT    | LVCMOS33             |       | 8        | SLOW |              |          | 0 / 0    |
| LEDS<6>                            | IOB              | OUTPUT    | LVCMOS33             |       | 8        | SLOW |              |          | 0 / 0    |
| LEDS<7>                            | IOB              | OUTPUT    | LVCMOS33             |       | 8        | SLOW |              |          | 0 / 0    |
| btnLEDS                            | IBUF             | INPUT     | LVCMOS33             |       |          |      |              |          | 0 / 0    |
| clk                                | IBUF             | INPUT     | LVCMOS25             |       |          |      |              |          | 0 / 0    |
| data_in<0>                         | IBUF             | INPUT     | LVCMOS33             |       |          |      |              |          | 0 / 0    |
| data_in<1>                         | IBUF             | INPUT     | LVCMOS33             |       |          |      |              |          | 0 / 0    |
| data_in<2>                         | IBUF             | INPUT     | LVCMOS33             |       |          |      |              |          | 0 / 0    |
| data_in<3>                         | IBUF             | INPUT     | LVCMOS33             |       |          |      |              |          | 0 / 0    |
| data_in<4>                         | IBUF             | INPUT     | LVCMOS33             |       |          |      |              |          | 0 / 0    |
| data_in<5>                         | IBUF             | INPUT     | LVCMOS33             |       |          |      |              |          | 0 / 0    |
| data_in<6>                         | IBUF             | INPUT     | LVCMOS33             |       |          |      |              |          | 0 / 0    |
| data_in<7>                         | IBUF             | INPUT     | LVCMOS33             |       |          |      |              |          | 0 / 0    |
| data_in<8>                         | IBUF             | INPUT     | LVCMOS33             |       |          |      |              |          | 0 / 0    |
| data_in<9>                         | IBUF             | INPUT     | LVCMOS33             |       |          |      |              |          | 0 / 0    |
| data_in<10>                        | IBUF             | INPUT     | LVCMOS33             |       |          |      |              |          | 0 / 0    |
| data_in<11>                        | IBUF             | INPUT     | LVCMOS33             |       |          |      |              |          | 0 / 0    |
| data_in<12>                        | IBUF             | INPUT     | LVCMOS33             |       |          |      |              |          | 0 / 0    |
| data_in<13>                        | IBUF             | INPUT     | LVCMOS33             |       |          |      |              |          | 0 / 0    |
| data_in<14>                        | IBUF             | INPUT     | LVCMOS33             |       |          |      |              |          | 0 / 0    |
| data_in<15>                        | IBUF             | INPUT     | LVCMOS33             |       |          |      |              |          | 0 / 0    |
| inst_add<0>                        | IBUF             | INPUT     | LVCMOS33             |       |          |      |              |          | 0 / 0    |
| inst_add<1>                        | IBUF             | INPUT     | LVCMOS33             |       |          |      |              |          | 0 / 0    |
| inst_add<2>                        | IBUF             | INPUT     | LVCMOS33             |       |          |      |              |          | 0 / 0    |
| inst_add<3>                        | IBUF             | INPUT     | LVCMOS33             |       |          |      |              |          | 0 / 0    |
| inst_add<4>                        | IBUF             | INPUT     | LVCMOS33             |       |          |      |              |          | 0 / 0    |
| inst_add<5>                        | IBUF             | INPUT     | LVCMOS33             |       |          |      |              |          | 0 / 0    |
| inst_add<6>                        | IBUF             | INPUT     | LVCMOS33             |       |          |      |              |          | 0 / 0    |
| inst_add<7>                        | IBUF             | INPUT     | LVCMOS33             |       |          |      |              |          | 0 / 0    |
| isntruction_wenable                | IBUF             | INPUT     | LVCMOS33             |       |          |      |              |          | 0 / 0    |
| ledsito                            | IOB              | OUTPUT    | LVCMOS33             |       | 8        | SLOW |              |          | 0 / 0    |
| reg_address<0>                     | IBUF             | INPUT     | LVCMOS33             |       |          |      |              |          | 0 / 0    |
| reg_address<1>                     | IBUF             | INPUT     | LVCMOS33             |       |          |      |              |          | 0 / 0    |
| registro<0>                        | IOB              | OUTPUT    | LVCMOS33             |       | 8        | FAST |              |          | 0 / 0    |
| registro<1>                        | IOB              | OUTPUT    | LVCMOS33             |       | 8        | FAST |              |          | 0 / 0    |
| registro<2>                        | IOB              | OUTPUT    | LVCMOS33             |       | 8        | FAST |              |          | 0 / 0    |
| registro<3>                        | IOB              | OUTPUT    | LVCMOS33             |       | 8        | FAST |              |          | 0 / 0    |
| registro<4>                        | IOB              | OUTPUT    | LVCMOS33             |       | 8        | FAST |              |          | 0 / 0    |
| registro<5>                        | IOB              | OUTPUT    | LVCMOS33             |       | 8        | FAST |              |          | 0 / 0    |
| registro<6>                        | IOB              | OUTPUT    | LVCMOS33             |       | 8        | FAST |              |          | 0 / 0    |
| registro<7>                        | IOB              | OUTPUT    | LVCMOS33             |       | 8        | FAST |              |          | 0 / 0    |
+---------------------------------------------------------------------------------------------------------------------------------------------------------+

Section 7 - RPMs
----------------

Section 8 - Guide Report
------------------------
Guide not run on this design.

Section 9 - Area Group and Partition Summary
--------------------------------------------

Partition Implementation Status
-------------------------------

  No Partitions were found in this design.

-------------------------------

Area Group Information
----------------------

  No area groups were found in this design.

----------------------

Section 10 - Timing Report
--------------------------
This design was not run using timing mode.

Section 11 - Configuration String Details
-----------------------------------------
Use the "-detail" map option to print out Configuration Strings

Section 12 - Control Set Information
------------------------------------
No control set information for this architecture.

Section 13 - Utilization by Hierarchy
-------------------------------------
Use the "-detail" map option to print out the Utilization by Hierarchy section.
